<?xml version="1.0" encoding="UTF-8"?>
<!-- Generated by org.testng.reporters.JUnitReportReporter -->
<testsuite skipped="0" hostname="AluMalu" name="com.syntax.class2.AllAnnotations" tests="1" failures="0" timestamp="2020-09-05T10:08:58 EDT" time="0.011" errors="0">
  <testcase name="testMethod" time="0.011" classname="com.syntax.class2.AllAnnotations"/>
  <system-out/>
</testsuite> <!-- com.syntax.class2.AllAnnotations -->
