<?xml version="1.0" encoding="UTF-8"?>
<!-- Generated by org.testng.reporters.JUnitReportReporter -->
<testsuite skipped="0" hostname="AluMalu" name="com.syntax.class3.GroupExample" tests="1" failures="0" timestamp="2020-09-05T12:13:44 EDT" time="5.697" errors="0">
  <testcase name="invalidLogin" time="5.697" classname="com.syntax.class3.GroupExample"/>
  <system-out/>
</testsuite> <!-- com.syntax.class3.GroupExample -->
