<?xml version="1.0" encoding="UTF-8"?>
<!-- Generated by org.testng.reporters.JUnitReportReporter -->
<testsuite skipped="0" hostname="AluMalu" name="com.syntax.class3.HW" tests="4" failures="0" timestamp="2020-09-05T09:40:52 EDT" time="52.057" errors="0">
  <testcase name="multipleLogin" time="14.737" classname="com.syntax.class3.HW"/>
  <system-out/>
  <testcase name="multipleLogin" time="12.225" classname="com.syntax.class3.HW"/>
  <system-out/>
  <testcase name="multipleLogin" time="12.380" classname="com.syntax.class3.HW"/>
  <system-out/>
  <testcase name="multipleLogin" time="12.715" classname="com.syntax.class3.HW"/>
  <system-out/>
</testsuite> <!-- com.syntax.class3.HW -->
