<?xml version="1.0" encoding="UTF-8"?>
<!-- Generated by org.testng.reporters.JUnitReportReporter -->
<testsuite skipped="0" hostname="AluMalu" name="com.syntax.class1.Task2" tests="2" failures="0" timestamp="2020-08-29T12:52:18 EDT" time="0.011" errors="0">
  <testcase name="test1" time="0.007" classname="com.syntax.class1.Task2"/>
  <system-out/>
  <testcase name="test2" time="0.004" classname="com.syntax.class1.Task2"/>
  <system-out/>
</testsuite> <!-- com.syntax.class1.Task2 -->
