<?xml version="1.0" encoding="UTF-8"?>
<!-- Generated by org.testng.reporters.JUnitReportReporter -->
<testsuite skipped="0" hostname="AluMalu" name="com.syntax.class1.Task" tests="3" failures="0" timestamp="2020-09-02T15:44:01 EDT" time="0.014" errors="0">
  <testcase name="IE" time="0.012" classname="com.syntax.class1.Task"/>
  <system-out/>
  <testcase name="firefoxDriver" time="0.001" classname="com.syntax.class1.Task"/>
  <system-out/>
  <testcase name="chromeDriver" time="0.001" classname="com.syntax.class1.Task"/>
  <system-out/>
</testsuite> <!-- com.syntax.class1.Task -->
