<?xml version="1.0" encoding="UTF-8"?>
<!-- Generated by org.testng.reporters.JUnitReportReporter -->
<testsuite skipped="0" hostname="AluMalu" name="com.syntax.class1.Task3" tests="2" failures="0" timestamp="2020-08-29T18:49:12 EDT" time="14.979" errors="0">
  <testcase name="validLogin" time="8.061" classname="com.syntax.class1.Task3"/>
  <system-out/>
  <testcase name="invalidLogin" time="6.918" classname="com.syntax.class1.Task3"/>
  <system-out/>
</testsuite> <!-- com.syntax.class1.Task3 -->
