<?xml version="1.0" encoding="UTF-8"?>
<!-- Generated by org.testng.reporters.JUnitReportReporter -->
<testsuite skipped="1" hostname="AluMalu" name="com.syntax.class1.HrmsTestCase" tests="3" failures="0" timestamp="2020-09-02T15:29:19 EDT" time="14.623" errors="0">
  <testcase name="titleValidation" time="6.367" classname="com.syntax.class1.HrmsTestCase"/>
  <system-out/>
  <testcase name="validLogin" time="8.256" classname="com.syntax.class1.HrmsTestCase"/>
  <system-out/>
  <testcase name="invalidLogin" classname="com.syntax.class1.HrmsTestCase">
    <skipped/>
  </testcase> <!-- invalidLogin -->
  <system-out/>
</testsuite> <!-- com.syntax.class1.HrmsTestCase -->
